1715559329	MISS	http://example.com/
1715559445	HIT	http://example.com/
1715559486	HIT	http://example.com/
1715559528	HIT	http://example.com/
1715560341	MISS	http://example.com/
1715562249	MISS	https://www.unifor.br/
1715648650	MISS	http://example.com/
1715648811	HIT	http://example.com/
1715649102	MISS	http://example.com/
1715649102	MISS	https://uol.unifor.br/
1715649102	MISS	https://ead.unifor.br/
1715649102	MISS	https://www.unifor.br/
1715649105	HIT	http://example.com/
1715649105	HIT	https://uol.unifor.br/
1715649105	HIT	https://ead.unifor.br/
1715649105	HIT	https://www.unifor.br/
1715649106	HIT	http://example.com/
1715649106	HIT	https://uol.unifor.br/
1715649106	HIT	https://ead.unifor.br/
1715649106	HIT	https://www.unifor.br/
1715649108	HIT	http://example.com/
1715649108	HIT	https://uol.unifor.br/
1715649108	HIT	https://ead.unifor.br/
1715649108	HIT	https://www.unifor.br/
1715649110	HIT	http://example.com/
1715649110	HIT	https://uol.unifor.br/
1715649110	HIT	https://ead.unifor.br/
1715649110	HIT	https://www.unifor.br/
1715649112	HIT	http://example.com/
1715649112	HIT	https://uol.unifor.br/
1715649112	HIT	https://ead.unifor.br/
1715649112	HIT	https://www.unifor.br/
1715649114	HIT	http://example.com/
1715649114	HIT	https://uol.unifor.br/
1715649114	HIT	https://ead.unifor.br/
1715649114	HIT	https://www.unifor.br/
1715649115	HIT	http://example.com/
1715649115	HIT	https://uol.unifor.br/
1715649116	HIT	https://ead.unifor.br/
1715649116	HIT	https://www.unifor.br/
1715649118	HIT	http://example.com/
1715649118	HIT	https://uol.unifor.br/
1715649118	HIT	https://ead.unifor.br/
1715649118	HIT	https://www.unifor.br/
1715649119	HIT	http://example.com/
1715649119	HIT	https://uol.unifor.br/
1715649119	HIT	https://ead.unifor.br/
1715649119	HIT	https://www.unifor.br/
1715805997	MISS	https://www.unifor.br/
